  glfunctions.cpp
  imageloader.cpp
  main.cpp
C:\Users\Pol\Desktop\Graphics_3\src\main.cpp(202,138): warning C4267: 'argumento': conversión de 'size_t' a 'int'; posible pérdida de datos
C:\Users\Pol\Desktop\Graphics_3\src\main.cpp(203,105): warning C4267: 'argumento': conversión de 'size_t' a 'int'; posible pérdida de datos
C:\Users\Pol\Desktop\Graphics_3\src\main.cpp(204,136): warning C4267: 'argumento': conversión de 'size_t' a 'int'; posible pérdida de datos
C:\Users\Pol\Desktop\Graphics_3\src\main.cpp(205,134): warning C4267: 'argumento': conversión de 'size_t' a 'int'; posible pérdida de datos
C:\Users\Pol\Desktop\Graphics_3\src\main.cpp(211,52): warning C4267: '=': conversión de 'size_t' a 'GLuint'; posible pérdida de datos
C:\Users\Pol\Desktop\Graphics_3\src\main.cpp(308,147): warning C4267: 'argumento': conversión de 'size_t' a 'int'; posible pérdida de datos
C:\Users\Pol\Desktop\Graphics_3\src\main.cpp(309,107): warning C4267: 'argumento': conversión de 'size_t' a 'int'; posible pérdida de datos
C:\Users\Pol\Desktop\Graphics_3\src\main.cpp(310,145): warning C4267: 'argumento': conversión de 'size_t' a 'int'; posible pérdida de datos
C:\Users\Pol\Desktop\Graphics_3\src\main.cpp(311,143): warning C4267: 'argumento': conversión de 'size_t' a 'int'; posible pérdida de datos
C:\Users\Pol\Desktop\Graphics_3\src\main.cpp(315,61): warning C4267: '=': conversión de 'size_t' a 'GLuint'; posible pérdida de datos
C:\Users\Pol\Desktop\Graphics_3\src\main.cpp(357,147): warning C4267: 'argumento': conversión de 'size_t' a 'int'; posible pérdida de datos
C:\Users\Pol\Desktop\Graphics_3\src\main.cpp(358,107): warning C4267: 'argumento': conversión de 'size_t' a 'int'; posible pérdida de datos
C:\Users\Pol\Desktop\Graphics_3\src\main.cpp(359,145): warning C4267: 'argumento': conversión de 'size_t' a 'int'; posible pérdida de datos
C:\Users\Pol\Desktop\Graphics_3\src\main.cpp(360,143): warning C4267: 'argumento': conversión de 'size_t' a 'int'; posible pérdida de datos
C:\Users\Pol\Desktop\Graphics_3\src\main.cpp(364,58): warning C4267: '=': conversión de 'size_t' a 'GLuint'; posible pérdida de datos
C:\Users\Pol\Desktop\Graphics_3\src\main.cpp(406,147): warning C4267: 'argumento': conversión de 'size_t' a 'int'; posible pérdida de datos
C:\Users\Pol\Desktop\Graphics_3\src\main.cpp(407,107): warning C4267: 'argumento': conversión de 'size_t' a 'int'; posible pérdida de datos
C:\Users\Pol\Desktop\Graphics_3\src\main.cpp(408,145): warning C4267: 'argumento': conversión de 'size_t' a 'int'; posible pérdida de datos
C:\Users\Pol\Desktop\Graphics_3\src\main.cpp(409,143): warning C4267: 'argumento': conversión de 'size_t' a 'int'; posible pérdida de datos
C:\Users\Pol\Desktop\Graphics_3\src\main.cpp(413,58): warning C4267: '=': conversión de 'size_t' a 'GLuint'; posible pérdida de datos
C:\Users\Pol\Desktop\Graphics_3\src\main.cpp(458,147): warning C4267: 'argumento': conversión de 'size_t' a 'int'; posible pérdida de datos
C:\Users\Pol\Desktop\Graphics_3\src\main.cpp(459,107): warning C4267: 'argumento': conversión de 'size_t' a 'int'; posible pérdida de datos
C:\Users\Pol\Desktop\Graphics_3\src\main.cpp(460,145): warning C4267: 'argumento': conversión de 'size_t' a 'int'; posible pérdida de datos
C:\Users\Pol\Desktop\Graphics_3\src\main.cpp(461,143): warning C4267: 'argumento': conversión de 'size_t' a 'int'; posible pérdida de datos
C:\Users\Pol\Desktop\Graphics_3\src\main.cpp(465,61): warning C4267: '=': conversión de 'size_t' a 'GLuint'; posible pérdida de datos
C:\Users\Pol\Desktop\Graphics_3\src\main.cpp(508,147): warning C4267: 'argumento': conversión de 'size_t' a 'int'; posible pérdida de datos
C:\Users\Pol\Desktop\Graphics_3\src\main.cpp(509,107): warning C4267: 'argumento': conversión de 'size_t' a 'int'; posible pérdida de datos
C:\Users\Pol\Desktop\Graphics_3\src\main.cpp(510,145): warning C4267: 'argumento': conversión de 'size_t' a 'int'; posible pérdida de datos
C:\Users\Pol\Desktop\Graphics_3\src\main.cpp(511,143): warning C4267: 'argumento': conversión de 'size_t' a 'int'; posible pérdida de datos
C:\Users\Pol\Desktop\Graphics_3\src\main.cpp(515,61): warning C4267: '=': conversión de 'size_t' a 'GLuint'; posible pérdida de datos
C:\Users\Pol\Desktop\Graphics_3\src\main.cpp(557,147): warning C4267: 'argumento': conversión de 'size_t' a 'int'; posible pérdida de datos
C:\Users\Pol\Desktop\Graphics_3\src\main.cpp(558,107): warning C4267: 'argumento': conversión de 'size_t' a 'int'; posible pérdida de datos
C:\Users\Pol\Desktop\Graphics_3\src\main.cpp(559,145): warning C4267: 'argumento': conversión de 'size_t' a 'int'; posible pérdida de datos
C:\Users\Pol\Desktop\Graphics_3\src\main.cpp(560,143): warning C4267: 'argumento': conversión de 'size_t' a 'int'; posible pérdida de datos
C:\Users\Pol\Desktop\Graphics_3\src\main.cpp(564,60): warning C4267: '=': conversión de 'size_t' a 'GLuint'; posible pérdida de datos
C:\Users\Pol\Desktop\Graphics_3\src\main.cpp(606,149): warning C4267: 'argumento': conversión de 'size_t' a 'int'; posible pérdida de datos
C:\Users\Pol\Desktop\Graphics_3\src\main.cpp(607,109): warning C4267: 'argumento': conversión de 'size_t' a 'int'; posible pérdida de datos
C:\Users\Pol\Desktop\Graphics_3\src\main.cpp(608,147): warning C4267: 'argumento': conversión de 'size_t' a 'int'; posible pérdida de datos
C:\Users\Pol\Desktop\Graphics_3\src\main.cpp(609,145): warning C4267: 'argumento': conversión de 'size_t' a 'int'; posible pérdida de datos
C:\Users\Pol\Desktop\Graphics_3\src\main.cpp(613,61): warning C4267: '=': conversión de 'size_t' a 'GLuint'; posible pérdida de datos
C:\Users\Pol\Desktop\Graphics_3\src\main.cpp(655,149): warning C4267: 'argumento': conversión de 'size_t' a 'int'; posible pérdida de datos
C:\Users\Pol\Desktop\Graphics_3\src\main.cpp(656,109): warning C4267: 'argumento': conversión de 'size_t' a 'int'; posible pérdida de datos
C:\Users\Pol\Desktop\Graphics_3\src\main.cpp(657,147): warning C4267: 'argumento': conversión de 'size_t' a 'int'; posible pérdida de datos
C:\Users\Pol\Desktop\Graphics_3\src\main.cpp(658,145): warning C4267: 'argumento': conversión de 'size_t' a 'int'; posible pérdida de datos
C:\Users\Pol\Desktop\Graphics_3\src\main.cpp(662,60): warning C4267: '=': conversión de 'size_t' a 'GLuint'; posible pérdida de datos
C:\Users\Pol\Desktop\Graphics_3\src\main.cpp(715,144): warning C4267: 'argumento': conversión de 'size_t' a 'int'; posible pérdida de datos
C:\Users\Pol\Desktop\Graphics_3\src\main.cpp(716,107): warning C4267: 'argumento': conversión de 'size_t' a 'int'; posible pérdida de datos
C:\Users\Pol\Desktop\Graphics_3\src\main.cpp(717,142): warning C4267: 'argumento': conversión de 'size_t' a 'int'; posible pérdida de datos
C:\Users\Pol\Desktop\Graphics_3\src\main.cpp(720,57): warning C4267: '=': conversión de 'size_t' a 'GLuint'; posible pérdida de datos
C:\Users\Pol\Desktop\Graphics_3\src\main.cpp(766,144): warning C4267: 'argumento': conversión de 'size_t' a 'int'; posible pérdida de datos
C:\Users\Pol\Desktop\Graphics_3\src\main.cpp(767,107): warning C4267: 'argumento': conversión de 'size_t' a 'int'; posible pérdida de datos
C:\Users\Pol\Desktop\Graphics_3\src\main.cpp(768,142): warning C4267: 'argumento': conversión de 'size_t' a 'int'; posible pérdida de datos
C:\Users\Pol\Desktop\Graphics_3\src\main.cpp(769,140): warning C4267: 'argumento': conversión de 'size_t' a 'int'; posible pérdida de datos
C:\Users\Pol\Desktop\Graphics_3\src\main.cpp(775,57): warning C4267: '=': conversión de 'size_t' a 'GLuint'; posible pérdida de datos
C:\Users\Pol\Desktop\Graphics_3\src\main.cpp(958,41): warning C4305: 'argumento': truncamiento de 'double' a 'GLfloat'
C:\Users\Pol\Desktop\Graphics_3\src\main.cpp(1070,41): warning C4305: 'argumento': truncamiento de 'double' a 'GLfloat'
C:\Users\Pol\Desktop\Graphics_3\src\main.cpp(1151,41): warning C4305: 'argumento': truncamiento de 'double' a 'GLfloat'
C:\Users\Pol\Desktop\Graphics_3\src\main.cpp(1228,41): warning C4305: 'argumento': truncamiento de 'double' a 'GLfloat'
C:\Users\Pol\Desktop\Graphics_3\src\main.cpp(1309,41): warning C4305: 'argumento': truncamiento de 'double' a 'GLfloat'
C:\Users\Pol\Desktop\Graphics_3\src\main.cpp(1386,41): warning C4305: 'argumento': truncamiento de 'double' a 'GLfloat'
C:\Users\Pol\Desktop\Graphics_3\src\main.cpp(1465,41): warning C4305: 'argumento': truncamiento de 'double' a 'GLfloat'
C:\Users\Pol\Desktop\Graphics_3\src\main.cpp(1544,41): warning C4305: 'argumento': truncamiento de 'double' a 'GLfloat'
C:\Users\Pol\Desktop\Graphics_3\src\main.cpp(1622,41): warning C4305: 'argumento': truncamiento de 'double' a 'GLfloat'
  GLM: perspective function taking degrees as a parameter is deprecated. #define GLM_FORCE_RADIANS before including GLM headers to remove this message.
  GLM: rotate function taking degrees as a parameter is deprecated. #define GLM_FORCE_RADIANS before including GLM headers to remove this message.
  Shader.cpp
C:\Users\Pol\Desktop\Graphics_3\src\Shader.cpp(30,14): warning C4996: 'fopen': This function or variable may be unsafe. Consider using fopen_s instead. To disable deprecation, use _CRT_SECURE_NO_WARNINGS. See online help for details.
  Generando código...
LINK : warning LNK4098: la biblioteca predeterminada'MSVCRT' entra en conflicto con otras bibliotecas; use la biblioteca /NODEFAULTLIB:biblioteca
  Graphics_1.vcxproj -> C:\Users\Pol\Desktop\Graphics_3\Graphics_1.exe
